********************************************************************************
DUPLICATOR-LITE PACKAGE-LOG: 7 de December de 2022 23:23
NOTICE: Do NOT post to public sites or forums 
********************************************************************************
VERSION:	1.5.1
WORDPRESS:	6.1.1
PHP INFO:	7.4.8 | SAPI: fpm-fcgi
SERVER:		Apache 
PHP TIME LIMIT: (0) no time limit imposed 
PHP MAX MEMORY: 4294967296 (134217728 default) 
MEMORY STACK: 38MB

********************************************************************************
DATABASE:
********************************************************************************
BUILD MODE:   PHP(query limit - 100)
MYSQLTIMEOUT: 5000
MYSQLDUMP:    Not Supported
TABLES: total:32 | filtered:0 | create:32
FILTERED: []
SQL CREATED: 20221207_institutoyduqs_cf2f83d860521ded3991_20221207232241_database.sql
SQL FILE SIZE: 3.14MB (3295052)
SQL FILE TIME: 2022-12-07 23:23:04
SQL RUNTIME: 0.44 sec.

********************************************************************************
ARCHIVE (ZIP):
********************************************************************************
ARCHIVE DIR:  /home/c10propaganda/www/i_yduqs
ARCHIVE FILE: 20221207_institutoyduqs_cf2f83d860521ded3991_20221207232241_archive.zip
FILTERS: *OFF*
DIRS:
	not set
FILES:
	not set
EXTS:  not set
----------------------------------------
COMPRESSING
SIZE:	185.79MB
STATS:	Dirs 1,799 | Files 9,809
SQL ADDED: 20221207_institutoyduqs_cf2f83d860521ded3991_20221207232241_database.sql
ZipArchive Object
(
    [status] => 0
    [statusSys] => 0
    [numFiles] => 11608
    [filename] => /home/c10propaganda/www/i_yduqs/wp-content/backups-dup-lite/tmp/20221207_institutoyduqs_cf2f83d860521ded3991_20221207232241_archive.zip
    [comment] => 
)

FILE ADDED TO ZIP: 11607
COMPRESSION RESULT: '1'
COMPRESSED SIZE: 80.22MB
ARCHIVE RUNTIME: 14.95 sec.
MEMORY STACK: 44MB
building installer
ARCHIVE CONSISTENCY TEST: PASS

********************************************************************************
INTEGRITY CHECKS:
********************************************************************************
SQL FILE: 3.14MB
INSTALLER FILE: 73.35KB
ARCHIVE FILE: 82.18MB 
EXPECTED FILE/DIRECTORY COUNT: 11,608
ACTUAL FILE/DIRECTORY COUNT: 11,607
ARCHIVE CONSISTENCY TEST: Pass

********************************************************************************
RECORD ID:[6]
TOTAL PROCESS RUNTIME: 16.82 sec.
PEAK PHP MEMORY USED: 46MB
DONE PROCESSING => 20221207_institutoyduqs 7 de December de 2022 23:23

